<?xml version="1.0" encoding="UTF-8"?>
<Site BuildName="Linux-arm-buildroot-linux-gnueabihf-g++"
	BuildStamp="20231023-0410-Experimental"
	Name="100ask"
	Generator="ctest-3.10.2"
	CompilerName="/home/book/100ask_stm32mp157_pro-sdk/ToolChain/arm-buildroot-linux-gnueabihf_sdk-buildroot/bin/arm-buildroot-linux-gnueabihf-g++"
	CompilerVersion=""
	OSName="Linux"
	Hostname="100ask"
	OSRelease="5.4.0-150-generic"
	OSVersion="#167~18.04.1-Ubuntu SMP Wed May 24 00:51:42 UTC 2023"
	OSPlatform="x86_64"
	Is64Bits="1"
	VendorString="AuthenticAMD"
	VendorID="Advanced Micro Devices"
	FamilyID="25"
	ModelID="80"
	ProcessorCacheSize="512"
	NumberOfLogicalCPU="4"
	NumberOfPhysicalCPU="4"
	TotalVirtualMemory="8581"
	TotalPhysicalMemory="3901"
	LogicalProcessorsPerPhysical="1"
	ProcessorClockFrequency="3293.81"
	>
	<Testing>
		<StartDateTime>Oct 23 00:10 EDT</StartDateTime>
		<StartTestTime>1698034250</StartTestTime>
		<TestList/>
		<EndDateTime>Oct 23 00:10 EDT</EndDateTime>
		<EndTestTime>1698034250</EndTestTime>
		<ElapsedMinutes>0</ElapsedMinutes>
	</Testing>
</Site>
